<?xml version="1.0" encoding="UTF-8"?>
<!-- Generated by org.testng.reporters.JUnitXMLReporter -->
<testsuite ignored="0" hostname="DESKTOP-2A0OM7J" failures="0" tests="3" name="Test" time="54.045" errors="0" timestamp="2022-04-01T10:21:32 IST">
  <testcase classname="testclasses.Testclass1" name="verifyUsercanLogin" time="8.493"/>
  <testcase classname="testclasses.Testclass1" name="verifyUserCanAddNewAddress" time="15.924"/>
  <testcase classname="testclasses.Testclass1" name="verifyUserCanAddNewAddress" time="10.806"/>
</testsuite> <!-- Test -->
