<?xml version="1.0" encoding="UTF-8"?>
<testng-results ignored="0" total="3" passed="3" failed="0" skipped="0">
  <reporter-output>
  </reporter-output>
  <suite started-at="2022-04-01T10:20:38 IST" name="Suite" finished-at="2022-04-01T10:21:32 IST" duration-ms="54045">
    <groups>
    </groups>
    <test started-at="2022-04-01T10:20:38 IST" name="Test" finished-at="2022-04-01T10:21:32 IST" duration-ms="54045">
      <class name="testclasses.Testclass1">
        <test-method is-config="true" signature="beforeClass(java.lang.String)[pri:0, instance:testclasses.Testclass1@77fbd92c]" started-at="2022-04-01T10:20:38 IST" name="beforeClass" finished-at="2022-04-01T10:20:55 IST" duration-ms="17630" status="PASS">
          <params>
            <param index="0">
              <value>
                <![CDATA[chrome]]>
              </value>
            </param>
          </params>
          <reporter-output>
          </reporter-output>
        </test-method> <!-- beforeClass -->
        <test-method is-config="true" signature="beforeMethod()[pri:0, instance:testclasses.Testclass1@77fbd92c]" started-at="2022-04-01T10:20:55 IST" name="beforeMethod" finished-at="2022-04-01T10:20:56 IST" duration-ms="250" status="PASS">
          <reporter-output>
          </reporter-output>
        </test-method> <!-- beforeMethod -->
        <test-method signature="verifyUsercanLogin()[pri:0, instance:testclasses.Testclass1@77fbd92c]" started-at="2022-04-01T10:20:56 IST" name="verifyUsercanLogin" finished-at="2022-04-01T10:21:04 IST" duration-ms="8493" status="PASS">
          <reporter-output>
          </reporter-output>
        </test-method> <!-- verifyUsercanLogin -->
        <test-method is-config="true" signature="afterMethod(org.testng.ITestResult)[pri:0, instance:testclasses.Testclass1@77fbd92c]" started-at="2022-04-01T10:21:04 IST" name="afterMethod" finished-at="2022-04-01T10:21:04 IST" duration-ms="3" status="PASS">
          <params>
            <param index="0">
              <value>
                <![CDATA[[TestResult name=verifyUsercanLogin status=SUCCESS method=Testclass1.verifyUsercanLogin()[pri:0, instance:testclasses.Testclass1@77fbd92c] output={null}]]]>
              </value>
            </param>
          </params>
          <reporter-output>
          </reporter-output>
        </test-method> <!-- afterMethod -->
        <test-method is-config="true" signature="beforeMethod()[pri:0, instance:testclasses.Testclass1@77fbd92c]" started-at="2022-04-01T10:21:04 IST" name="beforeMethod" finished-at="2022-04-01T10:21:04 IST" duration-ms="5" status="PASS">
          <reporter-output>
          </reporter-output>
        </test-method> <!-- beforeMethod -->
        <test-method signature="verifyUserCanAddNewAddress(java.lang.String,java.lang.String,java.lang.String,java.lang.String)[pri:1, instance:testclasses.Testclass1@77fbd92c]" started-at="2022-04-01T10:21:04 IST" name="verifyUserCanAddNewAddress" data-provider="dataset" finished-at="2022-04-01T10:21:20 IST" duration-ms="15924" status="PASS">
          <params>
            <param index="0">
              <value>
                <![CDATA[Ganesh]]>
              </value>
            </param>
            <param index="1">
              <value>
                <![CDATA[9765113397]]>
              </value>
            </param>
            <param index="2">
              <value>
                <![CDATA[413102]]>
              </value>
            </param>
            <param index="3">
              <value>
                <![CDATA[pune]]>
              </value>
            </param>
          </params>
          <reporter-output>
          </reporter-output>
        </test-method> <!-- verifyUserCanAddNewAddress -->
        <test-method is-config="true" signature="afterMethod(org.testng.ITestResult)[pri:0, instance:testclasses.Testclass1@77fbd92c]" started-at="2022-04-01T10:21:20 IST" name="afterMethod" finished-at="2022-04-01T10:21:20 IST" duration-ms="1" status="PASS">
          <params>
            <param index="0">
              <value>
                <![CDATA[[TestResult name=verifyUserCanAddNewAddress status=SUCCESS method=Testclass1.verifyUserCanAddNewAddress(java.lang.String,java.lang.String,java.lang.String,java.lang.String)[pri:1, instance:testclasses.Testclass1@77fbd92c] output={null}]]]>
              </value>
            </param>
          </params>
          <reporter-output>
          </reporter-output>
        </test-method> <!-- afterMethod -->
        <test-method is-config="true" signature="beforeMethod()[pri:0, instance:testclasses.Testclass1@77fbd92c]" started-at="2022-04-01T10:21:20 IST" name="beforeMethod" finished-at="2022-04-01T10:21:20 IST" duration-ms="2" status="PASS">
          <reporter-output>
          </reporter-output>
        </test-method> <!-- beforeMethod -->
        <test-method signature="verifyUserCanAddNewAddress(java.lang.String,java.lang.String,java.lang.String,java.lang.String)[pri:1, instance:testclasses.Testclass1@77fbd92c]" started-at="2022-04-01T10:21:20 IST" name="verifyUserCanAddNewAddress" data-provider="dataset" finished-at="2022-04-01T10:21:31 IST" duration-ms="10806" status="PASS">
          <params>
            <param index="0">
              <value>
                <![CDATA[ramdas]]>
              </value>
            </param>
            <param index="1">
              <value>
                <![CDATA[8888913398]]>
              </value>
            </param>
            <param index="2">
              <value>
                <![CDATA[413202]]>
              </value>
            </param>
            <param index="3">
              <value>
                <![CDATA[nashik]]>
              </value>
            </param>
          </params>
          <reporter-output>
          </reporter-output>
        </test-method> <!-- verifyUserCanAddNewAddress -->
        <test-method is-config="true" signature="afterMethod(org.testng.ITestResult)[pri:0, instance:testclasses.Testclass1@77fbd92c]" started-at="2022-04-01T10:21:31 IST" name="afterMethod" finished-at="2022-04-01T10:21:31 IST" duration-ms="0" status="PASS">
          <params>
            <param index="0">
              <value>
                <![CDATA[[TestResult name=verifyUserCanAddNewAddress status=SUCCESS method=Testclass1.verifyUserCanAddNewAddress(java.lang.String,java.lang.String,java.lang.String,java.lang.String)[pri:1, instance:testclasses.Testclass1@77fbd92c] output={null}]]]>
              </value>
            </param>
          </params>
          <reporter-output>
          </reporter-output>
        </test-method> <!-- afterMethod -->
        <test-method is-config="true" signature="afterClass()[pri:0, instance:testclasses.Testclass1@77fbd92c]" started-at="2022-04-01T10:21:31 IST" name="afterClass" finished-at="2022-04-01T10:21:32 IST" duration-ms="775" status="PASS">
          <reporter-output>
          </reporter-output>
        </test-method> <!-- afterClass -->
      </class> <!-- testclasses.Testclass1 -->
    </test> <!-- Test -->
  </suite> <!-- Suite -->
</testng-results>
